<?xml version="1.0" encoding="UTF-8"?>
<testng-results skipped="0" failed="0" total="1" passed="1">
  <reporter-output>
  </reporter-output>
  <suite name="Default suite" duration-ms="90" started-at="2021-06-02T19:52:54Z" finished-at="2021-06-02T19:52:54Z">
    <groups>
    </groups>
    <test name="Default test" duration-ms="90" started-at="2021-06-02T19:52:54Z" finished-at="2021-06-02T19:52:54Z">
      <class name="Ex2.Ex2.Dem">
        <test-method status="PASS" signature="a()[pri:0, instance:Ex2.Ex2.Dem@475530b9]" name="a" duration-ms="31" started-at="2021-06-03T01:22:54Z" finished-at="2021-06-03T01:22:54Z">
          <reporter-output>
          </reporter-output>
        </test-method> <!-- a -->
      </class> <!-- Ex2.Ex2.Dem -->
    </test> <!-- Default test -->
  </suite> <!-- Default suite -->
</testng-results>
